<?xml version="1.0" encoding="UTF-8"?>
<!-- Generated by org.testng.reporters.JUnitXMLReporter -->
<testsuite ignored="0" hostname="home-PC" failures="1" tests="1" name="FREE CRM Test" time="0.766" errors="0" timestamp="09 Jul 2018 12:32:08 GMT">
  <testcase classname="runners.TestRunner" name="feature" time="0.003">
    <failure type="cucumber.runtime.CucumberException" message="Error parsing feature file login.feature">
      <![CDATA[cucumber.runtime.CucumberException: Error parsing feature file login.feature
at cucumber.runtime.FeatureBuilder.parse(FeatureBuilder.java:133)
at cucumber.runtime.model.CucumberFeature.loadFromFeaturePath(CucumberFeature.java:104)
at cucumber.runtime.model.CucumberFeature.load(CucumberFeature.java:54)
at cucumber.runtime.model.CucumberFeature.load(CucumberFeature.java:34)
at cucumber.runtime.RuntimeOptions.cucumberFeatures(RuntimeOptions.java:239)
at cucumber.api.testng.TestNGCucumberRunner.getFeatures(TestNGCucumberRunner.java:85)
at cucumber.api.testng.TestNGCucumberRunner.provideFeatures(TestNGCucumberRunner.java:94)
at runners.TestRunner.features(TestRunner.java:36)
at java.base/java.util.concurrent.FutureTask.run(FutureTask.java:264)
at java.base/java.util.concurrent.ThreadPoolExecutor.runWorker(ThreadPoolExecutor.java:1135)
at java.base/java.util.concurrent.ThreadPoolExecutor$Worker.run(ThreadPoolExecutor.java:635)
at java.base/java.lang.Thread.run(Thread.java:844)
Caused by: gherkin.lexer.LexingError: Lexing error on line 40: 'Scenario  outline: login with multiple use
    And i entered the username
    And i entered the password "<password>"
    And i click on the login button
    Then i should be able to log in
    And i log out

  Examples:
  |username|password|
  |josuser|jospassword|
  |josuser2|jospassword2|
%_FEATURE_END_%'. See http://wiki.github.com/cucumber/gherkin/lexingerror for more information.
at gherkin.lexer.En.scan(En.java:872)
at gherkin.lexer.I18nLexer.scan(I18nLexer.java:36)
at gherkin.parser.Parser.parse(Parser.java:62)
at cucumber.runtime.FeatureBuilder.parse(FeatureBuilder.java:131)
... 31 more
... Removed 20 stack frames]]>
    </failure>
  </testcase> <!-- feature -->
</testsuite> <!-- FREE CRM Test -->
